C:\USERS\ZWSMLKI\DOCUMENTS\_PODYPLOMOWE2\CPP\ZESTAW_1\ZAD3VS\ZAD3VS\ZAD3VS\DEBUG\ZAD3VS.PCH
C:\USERS\ZWSMLKI\DOCUMENTS\_PODYPLOMOWE2\CPP\ZESTAW_1\ZAD3VS\ZAD3VS\ZAD3VS\DEBUG\STDAFX.OBJ
C:\USERS\ZWSMLKI\DOCUMENTS\_PODYPLOMOWE2\CPP\ZESTAW_1\ZAD3VS\ZAD3VS\ZAD3VS\DEBUG\VC110.PDB
C:\USERS\ZWSMLKI\DOCUMENTS\_PODYPLOMOWE2\CPP\ZESTAW_1\ZAD3VS\ZAD3VS\ZAD3VS\DEBUG\ZAD3VS.OBJ
C:\USERS\ZWSMLKI\DOCUMENTS\_PODYPLOMOWE2\CPP\ZESTAW_1\ZAD3VS\ZAD3VS\DEBUG\ZAD3VS.ILK
C:\USERS\ZWSMLKI\DOCUMENTS\_PODYPLOMOWE2\CPP\ZESTAW_1\ZAD3VS\ZAD3VS\DEBUG\ZAD3VS.EXE
C:\USERS\ZWSMLKI\DOCUMENTS\_PODYPLOMOWE2\CPP\ZESTAW_1\ZAD3VS\ZAD3VS\DEBUG\ZAD3VS.PDB
C:\Users\zwsmlki\Documents\_podyplomowe2\cpp\zestaw_1\zad3VS\zad3VS\zad3VS\Debug\stdafx.obj
C:\Users\zwsmlki\Documents\_podyplomowe2\cpp\zestaw_1\zad3VS\zad3VS\zad3VS\Debug\zad3VS.obj
C:\Users\zwsmlki\Documents\_podyplomowe2\cpp\zestaw_1\zad3VS\zad3VS\zad3VS\Debug\cl.command.1.tlog
C:\Users\zwsmlki\Documents\_podyplomowe2\cpp\zestaw_1\zad3VS\zad3VS\zad3VS\Debug\CL.read.1.tlog
C:\Users\zwsmlki\Documents\_podyplomowe2\cpp\zestaw_1\zad3VS\zad3VS\zad3VS\Debug\CL.write.1.tlog
C:\Users\zwsmlki\Documents\_podyplomowe2\cpp\zestaw_1\zad3VS\zad3VS\zad3VS\Debug\link-cvtres.read.1.tlog
C:\Users\zwsmlki\Documents\_podyplomowe2\cpp\zestaw_1\zad3VS\zad3VS\zad3VS\Debug\link-cvtres.write.1.tlog
C:\Users\zwsmlki\Documents\_podyplomowe2\cpp\zestaw_1\zad3VS\zad3VS\zad3VS\Debug\link-rc.read.1.tlog
C:\Users\zwsmlki\Documents\_podyplomowe2\cpp\zestaw_1\zad3VS\zad3VS\zad3VS\Debug\link-rc.write.1.tlog
C:\Users\zwsmlki\Documents\_podyplomowe2\cpp\zestaw_1\zad3VS\zad3VS\zad3VS\Debug\link.command.1.tlog
C:\Users\zwsmlki\Documents\_podyplomowe2\cpp\zestaw_1\zad3VS\zad3VS\zad3VS\Debug\link.read.1.tlog
C:\Users\zwsmlki\Documents\_podyplomowe2\cpp\zestaw_1\zad3VS\zad3VS\zad3VS\Debug\link.write.1.tlog
C:\Users\zwsmlki\Documents\_podyplomowe2\cpp\zestaw_1\zad3VS\zad3VS\zad3VS\Debug\zad3VS.pch
C:\Users\zwsmlki\Documents\_podyplomowe2\cpp\zestaw_1\zad3VS\zad3VS\zad3VS\Debug\vc110.idb
C:\Users\zwsmlki\Documents\_podyplomowe2\cpp\zestaw_1\zad3VS\zad3VS\zad3VS\Debug\vc110.pdb
C:\Users\zwsmlki\Documents\_podyplomowe2\cpp\zestaw_1\zad3VS\zad3VS\Debug\zad3VS.pdb
C:\Users\zwsmlki\Documents\_podyplomowe2\cpp\zestaw_1\zad3VS\zad3VS\Debug\zad3VS.exe
C:\Users\zwsmlki\Documents\_podyplomowe2\cpp\zestaw_1\zad3VS\zad3VS\Debug\zad3VS.ilk
